[35m,-----.        ,--.  ,--.  ,--.[39m
[35m|  |) /_,--.,--|  |-.|  |-.|  |,---.,--.   ,--,--.--.,--,--.,---.[39m
[35m|  .-.  |  ||  | .-. | .-. |  | .-. |  |.'.|  |  .--' ,-.  | .-. |[39m
[35m|  '--' '  ''  | `-' | `-' |  \   --|   .'.   |  |  \ '-'  | '-' '[39m
[35m`------' `----' `---' `---'`--'`----'--'   '--`--'   `--`--|  |-'[39m
[35m                                                           `--'    [39m
? There are changes in twa-manifest.json. Would you like to apply them to the 
project before building? (Y/n) [1A[31D[109C[1B[2K[1A[2K[G? There are changes in twa-manifest.json. Would you like to apply them to the 
project before building? (Y/n) Y[1A[32D[110C[1B[2K[1A[2K[G? There are changes in twa-manifest.json. Would you like to apply them to the 
project before building? Yes[1A[28D[106C
123456
123456
[1BUpgraded app version to versionName: 8 and versionCode: 8
Generating Android Project.

Project updated successfully.
Please, enter passwords for the keystore [36mandroid_new.keystore[39m and alias [36mandroid[39m.

? Password for the Key Store: [30D[30C[2K[G? Password for the Key Store: *[31D[31C[2K[G? Password for the Key Store: **[32D[32C[2K[G? Password for the Key Store: ***[33D[33C[2K[G? Password for the Key Store: ****[34D[34C[2K[G? Password for the Key Store: *****[35D[35C[2K[G? Password for the Key Store: ******[36D[36C[2K[G? Password for the Key Store: *[31D[31C[2K[G? Password for the Key Store: **[32D[32C[2K[G? Password for the Key Store: ***[33D[33C[2K[G? Password for the Key Store: ****[34D[34C[2K[G? Password for the Key Store: *****[35D[35C[2K[G? Password for the Key Store: ******[36D[36C[2K[G? Password for the Key Store: ******[36D[36C
? Password for the Key: [24D[24C[2K[G? Password for the Key: *[25D[25C[2K[G? Password for the Key: **[26D[26C[2K[G? Password for the Key: ***[27D[27C[2K[G? Password for the Key: ****[28D[28C[2K[G? Password for the Key: *****[29D[29C[2K[G? Password for the Key: ******[30D[30C[2K[G? Password for the Key: ******[30D[30C

Building the Android App...
	- Generated Android APK at [36m./app-release-signed.apk[39m
	- Generated Android App Bundle at [36m./app-release-bundle.aab[39m
